TN:
SF:src\App.tsx
FN:7,App
FNF:1
FNH:1
FNDA:12,App
DA:1,1
DA:2,1
DA:3,1
DA:4,1
DA:7,12
DA:8,12
DA:9,12
DA:10,12
DA:11,12
DA:13,12
DA:14,7
DA:15,7
DA:16,7
DA:17,6
DA:18,6
DA:19,7
DA:20,1
DA:21,7
DA:22,7
DA:23,7
DA:24,12
DA:26,12
DA:27,6
DA:28,12
DA:30,12
DA:31,12
DA:32,12
DA:33,12
DA:34,12
DA:35,12
DA:36,12
DA:37,12
DA:39,12
DA:40,12
DA:42,12
DA:43,12
DA:45,12
DA:46,12
DA:49,12
DA:50,12
DA:51,12
DA:52,12
DA:53,12
DA:54,12
DA:55,12
DA:57,12
DA:58,12
DA:59,12
DA:60,12
DA:61,12
DA:62,36
DA:63,36
DA:64,36
DA:65,36
DA:66,36
DA:67,36
DA:68,36
DA:69,36
DA:70,36
DA:72,36
DA:73,36
DA:74,36
DA:75,12
DA:76,12
DA:78,12
DA:80,12
DA:81,1
DA:82,1
DA:83,1
DA:84,1
DA:85,1
DA:86,1
DA:87,1
DA:88,1
DA:89,1
DA:91,1
DA:92,1
DA:95,12
DA:96,6
DA:98,6
DA:100,12
DA:102,12
DA:104,1
LF:83
LH:83
BRDA:7,0,0,12
BRDA:80,1,0,1
BRDA:95,2,0,6
BRDA:96,3,0,6
BRDA:13,4,0,7
BRDA:16,5,0,6
BRDA:19,6,0,1
BRDA:26,7,0,6
BRDA:61,8,0,36
BRF:9
BRH:9
end_of_record
TN:
SF:src\main.tsx
FN:1,(empty-report)
FNF:1
FNH:0
FNDA:0,(empty-report)
DA:1,0
DA:2,0
DA:3,0
DA:4,0
DA:5,0
DA:6,0
DA:7,0
DA:8,0
DA:9,0
LF:9
LH:0
BRDA:1,0,0,0
BRF:1
BRH:0
end_of_record
TN:
SF:src\components\TaskForm.tsx
FN:9,TaskForm
FN:15,handleSubmit
FN:49,onChange
FN:74,onChange
FNF:4
FNH:4
FNDA:68,TaskForm
FNDA:4,handleSubmit
FNDA:34,onChange
FNDA:7,onChange
DA:1,1
DA:9,1
DA:10,68
DA:11,68
DA:12,68
DA:13,68
DA:15,68
DA:16,4
DA:17,4
DA:19,4
DA:20,4
DA:22,4
DA:23,4
DA:24,4
DA:25,4
DA:26,3
DA:27,3
DA:28,3
DA:29,4
DA:30,1
DA:31,4
DA:32,4
DA:33,4
DA:34,4
DA:36,68
DA:37,68
DA:38,68
DA:39,68
DA:40,68
DA:41,68
DA:42,68
DA:44,68
DA:45,68
DA:46,68
DA:47,68
DA:48,68
DA:49,68
DA:50,68
DA:51,68
DA:52,68
DA:53,68
DA:54,68
DA:55,68
DA:56,68
DA:57,68
DA:58,68
DA:59,68
DA:60,68
DA:61,68
DA:63,68
DA:64,68
DA:65,68
DA:66,68
DA:67,68
DA:69,68
DA:70,68
DA:71,68
DA:72,68
DA:73,68
DA:74,68
DA:75,68
DA:76,68
DA:77,68
DA:78,68
DA:79,68
DA:80,68
DA:81,68
DA:82,68
DA:83,68
DA:84,68
DA:85,68
DA:87,68
DA:88,1
DA:91,68
DA:92,68
DA:93,68
DA:94,68
DA:95,68
DA:96,68
DA:97,68
DA:98,68
DA:99,68
DA:100,68
DA:101,68
DA:102,68
DA:103,68
DA:105,68
DA:106,68
DA:107,68
DA:109,68
LF:90
LH:90
BRDA:9,0,0,68
BRDA:87,1,0,1
BRDA:93,2,0,64
BRDA:101,3,0,4
BRDA:101,4,0,64
BRDA:102,5,0,64
BRDA:102,6,0,26
BRDA:102,7,0,42
BRDA:105,8,0,4
BRDA:105,9,0,64
BRDA:15,10,0,4
BRDA:17,11,0,0
BRDA:24,12,0,1
BRDA:25,13,0,3
BRDA:29,14,0,1
BRDA:49,15,0,34
BRDA:74,16,0,7
BRF:17
BRH:16
end_of_record
TN:
SF:src\components\TaskList.tsx
FN:10,TaskList
FN:11,handleToggle
FN:20,handleDelete
FN:58,onChange
FN:92,onClick
FNF:5
FNH:5
FNDA:15,TaskList
FNDA:2,handleToggle
FNDA:3,handleDelete
FNDA:2,onChange
FNDA:3,onClick
DA:1,1
DA:10,1
DA:11,15
DA:12,2
DA:13,2
DA:14,1
DA:15,1
DA:16,1
DA:17,1
DA:18,2
DA:20,15
DA:21,3
DA:22,2
DA:23,2
DA:24,1
DA:25,1
DA:26,1
DA:27,1
DA:28,3
DA:30,15
DA:31,3
DA:32,3
DA:34,3
DA:36,3
DA:38,12
DA:39,12
DA:40,12
DA:41,24
DA:42,24
DA:43,24
DA:44,24
DA:45,24
DA:46,24
DA:47,24
DA:48,24
DA:49,24
DA:50,24
DA:51,24
DA:52,24
DA:53,24
DA:55,24
DA:56,24
DA:57,24
DA:58,24
DA:59,24
DA:60,24
DA:61,24
DA:62,24
DA:63,24
DA:64,24
DA:65,24
DA:66,24
DA:67,24
DA:68,24
DA:69,24
DA:70,24
DA:71,24
DA:72,24
DA:74,24
DA:75,24
DA:76,24
DA:77,12
DA:78,12
DA:79,12
DA:80,12
DA:81,12
DA:82,12
DA:83,12
DA:84,12
DA:85,12
DA:87,12
DA:88,12
DA:90,24
DA:91,24
DA:92,24
DA:93,24
DA:94,24
DA:95,24
DA:96,24
DA:97,24
DA:98,24
DA:99,24
DA:100,24
DA:101,24
DA:102,24
DA:103,24
DA:104,24
DA:106,24
DA:107,24
DA:108,12
DA:109,12
DA:111,12
LF:92
LH:92
BRDA:10,0,0,15
BRDA:30,1,0,3
BRDA:36,2,0,12
BRDA:11,3,0,2
BRDA:13,4,0,1
BRDA:20,5,0,3
BRDA:21,6,0,1
BRDA:21,7,0,2
BRDA:23,8,0,1
BRDA:40,9,0,24
BRDA:49,10,0,12
BRDA:49,11,0,12
BRDA:50,12,0,12
BRDA:50,13,0,12
BRDA:59,14,0,12
BRDA:59,15,0,12
BRDA:67,16,0,12
BRDA:67,17,0,12
BRDA:68,18,0,12
BRDA:68,19,0,12
BRDA:76,20,0,12
BRDA:58,21,0,2
BRDA:92,22,0,3
BRF:23
BRH:23
end_of_record
TN:
SF:src\services\api.ts
FN:25,listTasks
FN:30,getTask
FN:33,createTask
FN:36,updateTask
FN:39,toggleTask
FN:42,deleteTask
FN:45,countTasks
FNF:7
FNH:7
FNDA:1,listTasks
FNDA:1,getTask
FNDA:1,createTask
FNDA:1,updateTask
FNDA:1,toggleTask
FNDA:1,deleteTask
FNDA:1,countTasks
DA:1,1
DA:3,1
DA:25,1
DA:26,1
DA:27,1
DA:28,1
DA:30,1
DA:31,1
DA:33,1
DA:34,1
DA:36,1
DA:37,1
DA:39,1
DA:40,1
DA:42,1
DA:43,1
DA:45,1
DA:46,1
LF:18
LH:18
BRDA:25,0,0,1
BRDA:26,1,0,0
BRDA:27,2,0,1
BRDA:30,3,0,1
BRDA:31,4,0,1
BRDA:33,5,0,1
BRDA:34,6,0,1
BRDA:36,7,0,1
BRDA:37,8,0,1
BRDA:39,9,0,1
BRDA:40,10,0,1
BRDA:42,11,0,1
BRDA:43,12,0,1
BRDA:45,13,0,1
BRDA:46,14,0,1
BRF:15
BRH:14
end_of_record
